1744894295595|14|statement|connection 0|url jdbc:p6spy:mysql://localhost:53668/hhplus|select count(*) from users u1_0|select count(*) from users u1_0
1744894295647|7|statement|connection 0|url jdbc:p6spy:mysql://localhost:53668/hhplus|insert into users (created_at,updated_at,username) values (?,?,?)|insert into users (created_at,updated_at,username) values ('2025-04-17T12:51:35.623+0000','2025-04-17T12:51:35.623+0000','defaultUser')
1744894295673|8|statement|connection 0|url jdbc:p6spy:mysql://localhost:53668/hhplus|insert into user_points (created_at,point_balance,updated_at,user_id) values (?,?,?,?)|insert into user_points (created_at,point_balance,updated_at,user_id) values ('2025-04-17T12:51:35.662+0000',100000,'2025-04-17T12:51:35.662+0000',1)
1744894295689|10|statement|connection 0|url jdbc:p6spy:mysql://localhost:53668/hhplus|select count(*) from products p1_0|select count(*) from products p1_0
1744894295704|4|statement|connection 0|url jdbc:p6spy:mysql://localhost:53668/hhplus|insert into categories (created_at,description,name,updated_at) values (?,?,?,?)|insert into categories (created_at,description,name,updated_at) values ('2025-04-17T12:51:35.691+0000',NULL,'일반','2025-04-17T12:51:35.691+0000')
1744894295713|4|statement|connection 0|url jdbc:p6spy:mysql://localhost:53668/hhplus|insert into items (base_price,category_id,created_at,description,name,sale_start_date,sale_status,updated_at) values (?,?,?,?,?,?,?,?)|insert into items (base_price,category_id,created_at,description,name,sale_start_date,sale_status,updated_at) values (100000,1,'2025-04-17T12:51:35.707+0000','AirForce Description','AirForce','2025-04-17T12:51:35.706+0000','ON_SALE','2025-04-17T12:51:35.707+0000')
1744894295722|5|statement|connection 0|url jdbc:p6spy:mysql://localhost:53668/hhplus|insert into options (additional_cost,created_at,name,updated_at) values (?,?,?,?)|insert into options (additional_cost,created_at,name,updated_at) values (1000,'2025-04-17T12:51:35.715+0000','White240','2025-04-17T12:51:35.715+0000')
1744894295728|2|statement|connection 0|url jdbc:p6spy:mysql://localhost:53668/hhplus|insert into products (created_at,item_id,option_id,updated_at) values (?,?,?,?)|insert into products (created_at,item_id,option_id,updated_at) values ('2025-04-17T12:51:35.724+0000',1,1,'2025-04-17T12:51:35.724+0000')
1744894295758|2|statement|connection 0|url jdbc:p6spy:mysql://localhost:53668/hhplus|select p1_0.id,p1_0.created_at,p1_0.item_id,p1_0.option_id,p1_0.updated_at from products p1_0|select p1_0.id,p1_0.created_at,p1_0.item_id,p1_0.option_id,p1_0.updated_at from products p1_0
1744894295786|4|statement|connection 0|url jdbc:p6spy:mysql://localhost:53668/hhplus|select i1_0.id,i1_0.created_at,i1_0.product_id,i1_0.quantity,i1_0.updated_at from inventories i1_0 where i1_0.product_id=?|select i1_0.id,i1_0.created_at,i1_0.product_id,i1_0.quantity,i1_0.updated_at from inventories i1_0 where i1_0.product_id=1
1744894295792|2|statement|connection 0|url jdbc:p6spy:mysql://localhost:53668/hhplus|insert into inventories (created_at,product_id,quantity,updated_at) values (?,?,?,?)|insert into inventories (created_at,product_id,quantity,updated_at) values ('2025-04-17T12:51:35.788+0000',1,10000,'2025-04-17T12:51:35.788+0000')
1744894295802|4|statement|connection 0|url jdbc:p6spy:mysql://localhost:53668/hhplus|select count(*) from orders o1_0|select count(*) from orders o1_0
1744894295813|2|statement|connection 0|url jdbc:p6spy:mysql://localhost:53668/hhplus|insert into orders (created_at,order_number,status,total_point,updated_at,user_id) values (?,?,?,?,?,?)|insert into orders (created_at,order_number,status,total_point,updated_at,user_id) values ('2025-04-17T12:51:35.810+0000','ORD-1744894295809','CREATED',200000,'2025-04-17T12:51:35.810+0000',1)
1744894295820|4|statement|connection 0|url jdbc:p6spy:mysql://localhost:53668/hhplus|insert into order_products (created_at,order_id,product_id,quantity,unit_point,updated_at) values (?,?,?,?,?,?)|insert into order_products (created_at,order_id,product_id,quantity,unit_point,updated_at) values ('2025-04-17T12:51:35.815+0000',1,1,2,100000,'2025-04-17T12:51:35.815+0000')
1744894295828|3|statement|connection 0|url jdbc:p6spy:mysql://localhost:53668/hhplus|select count(*) from carts c1_0|select count(*) from carts c1_0
1744894295833|2|statement|connection 0|url jdbc:p6spy:mysql://localhost:53668/hhplus|insert into carts (created_at,updated_at,user_id) values (?,?,?)|insert into carts (created_at,updated_at,user_id) values ('2025-04-17T12:51:35.830+0000','2025-04-17T12:51:35.830+0000',1)
1744894295839|3|statement|connection 0|url jdbc:p6spy:mysql://localhost:53668/hhplus|insert into cart_items (cart_id,created_at,price,product_id,product_name,quantity,updated_at) values (?,?,?,?,?,?,?)|insert into cart_items (cart_id,created_at,price,product_id,product_name,quantity,updated_at) values (1,'2025-04-17T12:51:35.834+0000',10000,1,'AirForce',3,'2025-04-17T12:51:35.834+0000')
1744894295848|4|commit|connection 0|url jdbc:p6spy:mysql://localhost:53668/hhplus||
1744894298723|2|statement|connection 0|url jdbc:p6spy:mysql://localhost:53668/hhplus|select u1_0.id,u1_0.created_at,u1_0.updated_at,up1_0.id,up1_0.created_at,up1_0.point_balance,up1_0.updated_at,up1_0.user_id,u1_0.username from users u1_0 left join user_points up1_0 on u1_0.id=up1_0.user_id where u1_0.id=?|select u1_0.id,u1_0.created_at,u1_0.updated_at,up1_0.id,up1_0.created_at,up1_0.point_balance,up1_0.updated_at,up1_0.user_id,u1_0.username from users u1_0 left join user_points up1_0 on u1_0.id=up1_0.user_id where u1_0.id=1
1744894298731|1|commit|connection 0|url jdbc:p6spy:mysql://localhost:53668/hhplus||
1744894298743|1|statement|connection 0|url jdbc:p6spy:mysql://localhost:53668/hhplus|select i1_0.id,i1_0.created_at,i1_0.product_id,i1_0.quantity,i1_0.updated_at from inventories i1_0 where i1_0.product_id=?|select i1_0.id,i1_0.created_at,i1_0.product_id,i1_0.quantity,i1_0.updated_at from inventories i1_0 where i1_0.product_id=1
1744894298744|0|commit|connection 0|url jdbc:p6spy:mysql://localhost:53668/hhplus||
1744894298747|1|statement|connection 0|url jdbc:p6spy:mysql://localhost:53668/hhplus|insert into orders (created_at,order_number,status,total_point,updated_at,user_id) values (?,?,?,?,?,?)|insert into orders (created_at,order_number,status,total_point,updated_at,user_id) values ('2025-04-17T12:51:38.745+0000','ORD-1744894298734','CREATED',1000,'2025-04-17T12:51:38.745+0000',1)
1744894298750|1|statement|connection 0|url jdbc:p6spy:mysql://localhost:53668/hhplus|insert into order_products (created_at,order_id,product_id,quantity,unit_point,updated_at) values (?,?,?,?,?,?)|insert into order_products (created_at,order_id,product_id,quantity,unit_point,updated_at) values ('2025-04-17T12:51:38.748+0000',2,1,2,500,'2025-04-17T12:51:38.748+0000')
1744894298754|2|commit|connection 0|url jdbc:p6spy:mysql://localhost:53668/hhplus||
1744894298758|1|statement|connection 0|url jdbc:p6spy:mysql://localhost:53668/hhplus|select i1_0.id,i1_0.created_at,i1_0.product_id,i1_0.quantity,i1_0.updated_at from inventories i1_0 where i1_0.product_id=?|select i1_0.id,i1_0.created_at,i1_0.product_id,i1_0.quantity,i1_0.updated_at from inventories i1_0 where i1_0.product_id=1
1744894298764|1|statement|connection 0|url jdbc:p6spy:mysql://localhost:53668/hhplus|update inventories set product_id=?,quantity=?,updated_at=? where id=?|update inventories set product_id=1,quantity=9998,updated_at='2025-04-17T12:51:38.760+0000' where id=1
1744894298768|3|commit|connection 0|url jdbc:p6spy:mysql://localhost:53668/hhplus||
1744894298833|1|statement|connection 0|url jdbc:p6spy:mysql://localhost:53668/hhplus|select o1_0.id,o1_0.created_at,o1_0.order_number,o1_0.status,o1_0.total_point,o1_0.updated_at,o1_0.user_id from orders o1_0 where o1_0.id=?|select o1_0.id,o1_0.created_at,o1_0.order_number,o1_0.status,o1_0.total_point,o1_0.updated_at,o1_0.user_id from orders o1_0 where o1_0.id=2
1744894298842|2|statement|connection 0|url jdbc:p6spy:mysql://localhost:53668/hhplus|select up1_0.id,up1_0.created_at,up1_0.point_balance,up1_0.updated_at,up1_0.user_id from user_points up1_0 where up1_0.user_id=?|select up1_0.id,up1_0.created_at,up1_0.point_balance,up1_0.updated_at,up1_0.user_id from user_points up1_0 where up1_0.user_id=1
1744894298845|1|statement|connection 0|url jdbc:p6spy:mysql://localhost:53668/hhplus|select u1_0.id,u1_0.created_at,u1_0.updated_at,up1_0.id,up1_0.created_at,up1_0.point_balance,up1_0.updated_at,up1_0.user_id,u1_0.username from users u1_0 left join user_points up1_0 on u1_0.id=up1_0.user_id where u1_0.id=?|select u1_0.id,u1_0.created_at,u1_0.updated_at,up1_0.id,up1_0.created_at,up1_0.point_balance,up1_0.updated_at,up1_0.user_id,u1_0.username from users u1_0 left join user_points up1_0 on u1_0.id=up1_0.user_id where u1_0.id=1
1744894298855|6|statement|connection 0|url jdbc:p6spy:mysql://localhost:53668/hhplus|insert into payments (created_at,order_id,payment_amount,updated_at) values (?,?,?,?)|insert into payments (created_at,order_id,payment_amount,updated_at) values ('2025-04-17T12:51:38.847+0000',2,1000.00,'2025-04-17T12:51:38.847+0000')
1744894298857|1|statement|connection 0|url jdbc:p6spy:mysql://localhost:53668/hhplus|update orders set order_number=?,status=?,total_point=?,updated_at=?,user_id=? where id=?|update orders set order_number='ORD-1744894298734',status='PAID',total_point=1000.00,updated_at='2025-04-17T12:51:38.856+0000',user_id=1 where id=2
1744894298860|2|statement|connection 0|url jdbc:p6spy:mysql://localhost:53668/hhplus|update user_points set point_balance=?,updated_at=?,user_id=? where id=?|update user_points set point_balance=99000.00,updated_at='2025-04-17T12:51:38.856+0000',user_id=1 where id=1
1744894298864|3|commit|connection 0|url jdbc:p6spy:mysql://localhost:53668/hhplus||
1744894298889|1|statement|connection 0|url jdbc:p6spy:mysql://localhost:53668/hhplus|select c1_0.id,c1_0.created_at,c1_0.updated_at,c1_0.user_id from carts c1_0 where c1_0.user_id=?|select c1_0.id,c1_0.created_at,c1_0.updated_at,c1_0.user_id from carts c1_0 where c1_0.user_id=1
1744894298893|1|statement|connection 0|url jdbc:p6spy:mysql://localhost:53668/hhplus|select ci1_0.cart_id,ci1_0.id,ci1_0.created_at,ci1_0.price,ci1_0.product_id,ci1_0.product_name,ci1_0.quantity,ci1_0.updated_at from cart_items ci1_0 where ci1_0.cart_id=?|select ci1_0.cart_id,ci1_0.id,ci1_0.created_at,ci1_0.price,ci1_0.product_id,ci1_0.product_name,ci1_0.quantity,ci1_0.updated_at from cart_items ci1_0 where ci1_0.cart_id=1
1744894298898|1|statement|connection 0|url jdbc:p6spy:mysql://localhost:53668/hhplus|insert into cart_items (cart_id,created_at,price,product_id,product_name,quantity,updated_at) values (?,?,?,?,?,?,?)|insert into cart_items (cart_id,created_at,price,product_id,product_name,quantity,updated_at) values (1,'2025-04-17T12:51:38.895+0000',750000,1002,'Product 2',3,'2025-04-17T12:51:38.895+0000')
1744894298904|4|commit|connection 0|url jdbc:p6spy:mysql://localhost:53668/hhplus||
1744894298921|3|statement|connection 0|url jdbc:p6spy:mysql://localhost:53668/hhplus|select c1_0.id,c1_0.created_at,c1_0.updated_at,c1_0.user_id from carts c1_0 where c1_0.user_id=?|select c1_0.id,c1_0.created_at,c1_0.updated_at,c1_0.user_id from carts c1_0 where c1_0.user_id=1
1744894298922|1|statement|connection 0|url jdbc:p6spy:mysql://localhost:53668/hhplus|select ci1_0.cart_id,ci1_0.id,ci1_0.created_at,ci1_0.price,ci1_0.product_id,ci1_0.product_name,ci1_0.quantity,ci1_0.updated_at from cart_items ci1_0 where ci1_0.cart_id=?|select ci1_0.cart_id,ci1_0.id,ci1_0.created_at,ci1_0.price,ci1_0.product_id,ci1_0.product_name,ci1_0.quantity,ci1_0.updated_at from cart_items ci1_0 where ci1_0.cart_id=1
1744894298926|1|statement|connection 0|url jdbc:p6spy:mysql://localhost:53668/hhplus|insert into cart_items (cart_id,created_at,price,product_id,product_name,quantity,updated_at) values (?,?,?,?,?,?,?)|insert into cart_items (cart_id,created_at,price,product_id,product_name,quantity,updated_at) values (1,'2025-04-17T12:51:38.924+0000',200000,1003,'Product 3',1,'2025-04-17T12:51:38.924+0000')
1744894298931|3|commit|connection 0|url jdbc:p6spy:mysql://localhost:53668/hhplus||
1744894298942|1|statement|connection 0|url jdbc:p6spy:mysql://localhost:53668/hhplus|select c1_0.id,c1_0.created_at,c1_0.updated_at,c1_0.user_id from carts c1_0 where c1_0.user_id=?|select c1_0.id,c1_0.created_at,c1_0.updated_at,c1_0.user_id from carts c1_0 where c1_0.user_id=1
1744894298944|0|statement|connection 0|url jdbc:p6spy:mysql://localhost:53668/hhplus|select ci1_0.cart_id,ci1_0.id,ci1_0.created_at,ci1_0.price,ci1_0.product_id,ci1_0.product_name,ci1_0.quantity,ci1_0.updated_at from cart_items ci1_0 where ci1_0.cart_id=?|select ci1_0.cart_id,ci1_0.id,ci1_0.created_at,ci1_0.price,ci1_0.product_id,ci1_0.product_name,ci1_0.quantity,ci1_0.updated_at from cart_items ci1_0 where ci1_0.cart_id=1
1744894298950|2|statement|connection 0|url jdbc:p6spy:mysql://localhost:53668/hhplus|delete from cart_items where id=?|delete from cart_items where id=1
1744894298955|1|statement|connection 0|url jdbc:p6spy:mysql://localhost:53668/hhplus|delete from cart_items where id=?|delete from cart_items where id=2
1744894298956|1|statement|connection 0|url jdbc:p6spy:mysql://localhost:53668/hhplus|delete from cart_items where id=?|delete from cart_items where id=3
1744894298963|6|commit|connection 0|url jdbc:p6spy:mysql://localhost:53668/hhplus||
1744894299006|2|statement|connection 0|url jdbc:p6spy:mysql://localhost:53668/hhplus|select c1_0.id,c1_0.created_at,c1_0.updated_at,c1_0.user_id from carts c1_0 where c1_0.user_id=?|select c1_0.id,c1_0.created_at,c1_0.updated_at,c1_0.user_id from carts c1_0 where c1_0.user_id=1
1744894299009|1|statement|connection 0|url jdbc:p6spy:mysql://localhost:53668/hhplus|select ci1_0.cart_id,ci1_0.id,ci1_0.created_at,ci1_0.price,ci1_0.product_id,ci1_0.product_name,ci1_0.quantity,ci1_0.updated_at from cart_items ci1_0 where ci1_0.cart_id=?|select ci1_0.cart_id,ci1_0.id,ci1_0.created_at,ci1_0.price,ci1_0.product_id,ci1_0.product_name,ci1_0.quantity,ci1_0.updated_at from cart_items ci1_0 where ci1_0.cart_id=1
1744894299010|0|commit|connection 0|url jdbc:p6spy:mysql://localhost:53668/hhplus||
1744894299032|1|statement|connection 0|url jdbc:p6spy:mysql://localhost:53668/hhplus|select c1_0.id,c1_0.created_at,c1_0.updated_at,c1_0.user_id from carts c1_0 where c1_0.user_id=?|select c1_0.id,c1_0.created_at,c1_0.updated_at,c1_0.user_id from carts c1_0 where c1_0.user_id=1
1744894299035|1|statement|connection 0|url jdbc:p6spy:mysql://localhost:53668/hhplus|select ci1_0.cart_id,ci1_0.id,ci1_0.created_at,ci1_0.price,ci1_0.product_id,ci1_0.product_name,ci1_0.quantity,ci1_0.updated_at from cart_items ci1_0 where ci1_0.cart_id=?|select ci1_0.cart_id,ci1_0.id,ci1_0.created_at,ci1_0.price,ci1_0.product_id,ci1_0.product_name,ci1_0.quantity,ci1_0.updated_at from cart_items ci1_0 where ci1_0.cart_id=1
1744894299038|1|statement|connection 0|url jdbc:p6spy:mysql://localhost:53668/hhplus|insert into cart_items (cart_id,created_at,price,product_id,product_name,quantity,updated_at) values (?,?,?,?,?,?,?)|insert into cart_items (cart_id,created_at,price,product_id,product_name,quantity,updated_at) values (1,'2025-04-17T12:51:39.036+0000',50000,1,'Test Product',2,'2025-04-17T12:51:39.036+0000')
1744894299044|4|commit|connection 0|url jdbc:p6spy:mysql://localhost:53668/hhplus||
1744894299069|1|statement|connection 0|url jdbc:p6spy:mysql://localhost:53668/hhplus|select c1_0.id,c1_0.created_at,c1_0.updated_at,c1_0.user_id from carts c1_0 where c1_0.user_id=?|select c1_0.id,c1_0.created_at,c1_0.updated_at,c1_0.user_id from carts c1_0 where c1_0.user_id=1
1744894299072|2|statement|connection 0|url jdbc:p6spy:mysql://localhost:53668/hhplus|select ci1_0.cart_id,ci1_0.id,ci1_0.created_at,ci1_0.price,ci1_0.product_id,ci1_0.product_name,ci1_0.quantity,ci1_0.updated_at from cart_items ci1_0 where ci1_0.cart_id=?|select ci1_0.cart_id,ci1_0.id,ci1_0.created_at,ci1_0.price,ci1_0.product_id,ci1_0.product_name,ci1_0.quantity,ci1_0.updated_at from cart_items ci1_0 where ci1_0.cart_id=1
1744894299075|1|statement|connection 0|url jdbc:p6spy:mysql://localhost:53668/hhplus|update cart_items set cart_id=?,price=?,product_id=?,product_name=?,quantity=?,updated_at=? where id=?|update cart_items set cart_id=1,price=50000.00,product_id=1,product_name='Test Product',quantity=5,updated_at='2025-04-17T12:51:39.073+0000' where id=4
1744894299079|3|commit|connection 0|url jdbc:p6spy:mysql://localhost:53668/hhplus||
1744894299138|1|statement|connection 0|url jdbc:p6spy:mysql://localhost:53668/hhplus|select up1_0.id,up1_0.created_at,up1_0.point_balance,up1_0.updated_at,up1_0.user_id,u1_0.id,u1_0.created_at,u1_0.updated_at,u1_0.username from user_points up1_0 join users u1_0 on u1_0.id=up1_0.user_id where up1_0.id=?|select up1_0.id,up1_0.created_at,up1_0.point_balance,up1_0.updated_at,up1_0.user_id,u1_0.id,u1_0.created_at,u1_0.updated_at,u1_0.username from user_points up1_0 join users u1_0 on u1_0.id=up1_0.user_id where up1_0.id=1
1744894299140|0|commit|connection 0|url jdbc:p6spy:mysql://localhost:53668/hhplus||
1744894299168|2|statement|connection 0|url jdbc:p6spy:mysql://localhost:53668/hhplus|select u1_0.id,u1_0.created_at,u1_0.updated_at,up1_0.id,up1_0.created_at,up1_0.point_balance,up1_0.updated_at,up1_0.user_id,u1_0.username from users u1_0 left join user_points up1_0 on u1_0.id=up1_0.user_id where u1_0.id=?|select u1_0.id,u1_0.created_at,u1_0.updated_at,up1_0.id,up1_0.created_at,up1_0.point_balance,up1_0.updated_at,up1_0.user_id,u1_0.username from users u1_0 left join user_points up1_0 on u1_0.id=up1_0.user_id where u1_0.id=1
1744894299170|1|commit|connection 0|url jdbc:p6spy:mysql://localhost:53668/hhplus||
1744894299176|1|statement|connection 0|url jdbc:p6spy:mysql://localhost:53668/hhplus|select i1_0.id,i1_0.created_at,i1_0.product_id,i1_0.quantity,i1_0.updated_at from inventories i1_0 where i1_0.product_id=?|select i1_0.id,i1_0.created_at,i1_0.product_id,i1_0.quantity,i1_0.updated_at from inventories i1_0 where i1_0.product_id=1
1744894299178|1|commit|connection 0|url jdbc:p6spy:mysql://localhost:53668/hhplus||
1744894299181|1|statement|connection 0|url jdbc:p6spy:mysql://localhost:53668/hhplus|insert into orders (created_at,order_number,status,total_point,updated_at,user_id) values (?,?,?,?,?,?)|insert into orders (created_at,order_number,status,total_point,updated_at,user_id) values ('2025-04-17T12:51:39.179+0000','ORD-1744894299172','CREATED',1000,'2025-04-17T12:51:39.179+0000',1)
1744894299183|1|statement|connection 0|url jdbc:p6spy:mysql://localhost:53668/hhplus|insert into order_products (created_at,order_id,product_id,quantity,unit_point,updated_at) values (?,?,?,?,?,?)|insert into order_products (created_at,order_id,product_id,quantity,unit_point,updated_at) values ('2025-04-17T12:51:39.181+0000',3,1,2,500,'2025-04-17T12:51:39.181+0000')
1744894299186|2|commit|connection 0|url jdbc:p6spy:mysql://localhost:53668/hhplus||
1744894299190|1|statement|connection 0|url jdbc:p6spy:mysql://localhost:53668/hhplus|select i1_0.id,i1_0.created_at,i1_0.product_id,i1_0.quantity,i1_0.updated_at from inventories i1_0 where i1_0.product_id=?|select i1_0.id,i1_0.created_at,i1_0.product_id,i1_0.quantity,i1_0.updated_at from inventories i1_0 where i1_0.product_id=1
1744894299193|1|statement|connection 0|url jdbc:p6spy:mysql://localhost:53668/hhplus|update inventories set product_id=?,quantity=?,updated_at=? where id=?|update inventories set product_id=1,quantity=9996,updated_at='2025-04-17T12:51:39.191+0000' where id=1
1744894299196|2|commit|connection 0|url jdbc:p6spy:mysql://localhost:53668/hhplus||
1744894299235|1|statement|connection 0|url jdbc:p6spy:mysql://localhost:53668/hhplus|select o1_0.id,o1_0.created_at,o1_0.order_number,o1_0.status,o1_0.total_point,o1_0.updated_at,o1_0.user_id from orders o1_0 where o1_0.id=?|select o1_0.id,o1_0.created_at,o1_0.order_number,o1_0.status,o1_0.total_point,o1_0.updated_at,o1_0.user_id from orders o1_0 where o1_0.id=3
1744894299239|1|statement|connection 0|url jdbc:p6spy:mysql://localhost:53668/hhplus|select op1_0.order_id,op1_0.id,op1_0.created_at,op1_0.product_id,op1_0.quantity,op1_0.unit_point,op1_0.updated_at from order_products op1_0 where op1_0.order_id=?|select op1_0.order_id,op1_0.id,op1_0.created_at,op1_0.product_id,op1_0.quantity,op1_0.unit_point,op1_0.updated_at from order_products op1_0 where op1_0.order_id=3
1744894299242|1|commit|connection 0|url jdbc:p6spy:mysql://localhost:53668/hhplus||
1744894299303|1|statement|connection 0|url jdbc:p6spy:mysql://localhost:53668/hhplus|select p1_0.id,p1_0.created_at,p1_0.item_id,p1_0.option_id,p1_0.updated_at from products p1_0|select p1_0.id,p1_0.created_at,p1_0.item_id,p1_0.option_id,p1_0.updated_at from products p1_0
1744894299306|0|statement|connection 0|url jdbc:p6spy:mysql://localhost:53668/hhplus|select i1_0.id,i1_0.base_price,i1_0.category_id,i1_0.created_at,i1_0.description,i1_0.name,i1_0.sale_start_date,i1_0.sale_status,i1_0.updated_at from items i1_0 where i1_0.id=?|select i1_0.id,i1_0.base_price,i1_0.category_id,i1_0.created_at,i1_0.description,i1_0.name,i1_0.sale_start_date,i1_0.sale_status,i1_0.updated_at from items i1_0 where i1_0.id=1
1744894299307|0|statement|connection 0|url jdbc:p6spy:mysql://localhost:53668/hhplus|select o1_0.id,o1_0.additional_cost,o1_0.created_at,o1_0.name,o1_0.updated_at from options o1_0 where o1_0.id=?|select o1_0.id,o1_0.additional_cost,o1_0.created_at,o1_0.name,o1_0.updated_at from options o1_0 where o1_0.id=1
1744894299308|0|commit|connection 0|url jdbc:p6spy:mysql://localhost:53668/hhplus||
1744894299337|1|statement|connection 0|url jdbc:p6spy:mysql://localhost:53668/hhplus|select u1_0.id,u1_0.created_at,u1_0.updated_at,up1_0.id,up1_0.created_at,up1_0.point_balance,up1_0.updated_at,up1_0.user_id,u1_0.username from users u1_0 left join user_points up1_0 on u1_0.id=up1_0.user_id where u1_0.id=?|select u1_0.id,u1_0.created_at,u1_0.updated_at,up1_0.id,up1_0.created_at,up1_0.point_balance,up1_0.updated_at,up1_0.user_id,u1_0.username from users u1_0 left join user_points up1_0 on u1_0.id=up1_0.user_id where u1_0.id=1
1744894299338|0|commit|connection 0|url jdbc:p6spy:mysql://localhost:53668/hhplus||
1744894299342|1|commit|connection 0|url jdbc:p6spy:mysql://localhost:53668/hhplus||
1744894299347|1|statement|connection 0|url jdbc:p6spy:mysql://localhost:53668/hhplus|update user_points set point_balance=?,updated_at=?,user_id=? where id=?|update user_points set point_balance=100500.00,updated_at='2025-04-17T12:51:39.345+0000',user_id=1 where id=1
1744894299350|3|commit|connection 0|url jdbc:p6spy:mysql://localhost:53668/hhplus||
1744894299355|1|statement|connection 0|url jdbc:p6spy:mysql://localhost:53668/hhplus|insert into point_histories (amount,created_at,type,updated_at,user_id) values (?,?,?,?,?)|insert into point_histories (amount,created_at,type,updated_at,user_id) values (1500,'2025-04-17T12:51:39.352+0000','CHARGE','2025-04-17T12:51:39.352+0000',1)
1744894299356|1|commit|connection 0|url jdbc:p6spy:mysql://localhost:53668/hhplus||
1744894299380|1|statement|connection 0|url jdbc:p6spy:mysql://localhost:53668/hhplus|select u1_0.id,u1_0.created_at,u1_0.updated_at,up1_0.id,up1_0.created_at,up1_0.point_balance,up1_0.updated_at,up1_0.user_id,u1_0.username from users u1_0 left join user_points up1_0 on u1_0.id=up1_0.user_id where u1_0.id=?|select u1_0.id,u1_0.created_at,u1_0.updated_at,up1_0.id,up1_0.created_at,up1_0.point_balance,up1_0.updated_at,up1_0.user_id,u1_0.username from users u1_0 left join user_points up1_0 on u1_0.id=up1_0.user_id where u1_0.id=1
1744894299381|0|commit|connection 0|url jdbc:p6spy:mysql://localhost:53668/hhplus||
1744894299384|0|statement|connection 0|url jdbc:p6spy:mysql://localhost:53668/hhplus|select i1_0.id,i1_0.created_at,i1_0.product_id,i1_0.quantity,i1_0.updated_at from inventories i1_0 where i1_0.product_id=?|select i1_0.id,i1_0.created_at,i1_0.product_id,i1_0.quantity,i1_0.updated_at from inventories i1_0 where i1_0.product_id=1
1744894299385|0|commit|connection 0|url jdbc:p6spy:mysql://localhost:53668/hhplus||
1744894299388|0|statement|connection 0|url jdbc:p6spy:mysql://localhost:53668/hhplus|insert into orders (created_at,order_number,status,total_point,updated_at,user_id) values (?,?,?,?,?,?)|insert into orders (created_at,order_number,status,total_point,updated_at,user_id) values ('2025-04-17T12:51:39.387+0000','ORD-1744894299382','CREATED',3000,'2025-04-17T12:51:39.387+0000',1)
1744894299389|0|statement|connection 0|url jdbc:p6spy:mysql://localhost:53668/hhplus|insert into order_products (created_at,order_id,product_id,quantity,unit_point,updated_at) values (?,?,?,?,?,?)|insert into order_products (created_at,order_id,product_id,quantity,unit_point,updated_at) values ('2025-04-17T12:51:39.388+0000',4,1,2,1500,'2025-04-17T12:51:39.388+0000')
1744894299392|2|commit|connection 0|url jdbc:p6spy:mysql://localhost:53668/hhplus||
1744894299396|0|statement|connection 0|url jdbc:p6spy:mysql://localhost:53668/hhplus|select i1_0.id,i1_0.created_at,i1_0.product_id,i1_0.quantity,i1_0.updated_at from inventories i1_0 where i1_0.product_id=?|select i1_0.id,i1_0.created_at,i1_0.product_id,i1_0.quantity,i1_0.updated_at from inventories i1_0 where i1_0.product_id=1
1744894299398|0|statement|connection 0|url jdbc:p6spy:mysql://localhost:53668/hhplus|update inventories set product_id=?,quantity=?,updated_at=? where id=?|update inventories set product_id=1,quantity=9994,updated_at='2025-04-17T12:51:39.396+0000' where id=1
1744894299400|1|commit|connection 0|url jdbc:p6spy:mysql://localhost:53668/hhplus||
1744894299428|1|statement|connection 0|url jdbc:p6spy:mysql://localhost:53668/hhplus|select c1_0.id,c1_0.created_at,c1_0.updated_at,c1_0.user_id from carts c1_0 where c1_0.user_id=?|select c1_0.id,c1_0.created_at,c1_0.updated_at,c1_0.user_id from carts c1_0 where c1_0.user_id=1
1744894299430|0|statement|connection 0|url jdbc:p6spy:mysql://localhost:53668/hhplus|select ci1_0.cart_id,ci1_0.id,ci1_0.created_at,ci1_0.price,ci1_0.product_id,ci1_0.product_name,ci1_0.quantity,ci1_0.updated_at from cart_items ci1_0 where ci1_0.cart_id=?|select ci1_0.cart_id,ci1_0.id,ci1_0.created_at,ci1_0.price,ci1_0.product_id,ci1_0.product_name,ci1_0.quantity,ci1_0.updated_at from cart_items ci1_0 where ci1_0.cart_id=1
1744894299431|0|statement|connection 0|url jdbc:p6spy:mysql://localhost:53668/hhplus|delete from cart_items where id=?|delete from cart_items where id=4
1744894299434|2|commit|connection 0|url jdbc:p6spy:mysql://localhost:53668/hhplus||
1744894299454|0|statement|connection 0|url jdbc:p6spy:mysql://localhost:53668/hhplus|select c1_0.id,c1_0.created_at,c1_0.updated_at,c1_0.user_id from carts c1_0 where c1_0.user_id=?|select c1_0.id,c1_0.created_at,c1_0.updated_at,c1_0.user_id from carts c1_0 where c1_0.user_id=1
1744894299455|0|statement|connection 0|url jdbc:p6spy:mysql://localhost:53668/hhplus|select ci1_0.cart_id,ci1_0.id,ci1_0.created_at,ci1_0.price,ci1_0.product_id,ci1_0.product_name,ci1_0.quantity,ci1_0.updated_at from cart_items ci1_0 where ci1_0.cart_id=?|select ci1_0.cart_id,ci1_0.id,ci1_0.created_at,ci1_0.price,ci1_0.product_id,ci1_0.product_name,ci1_0.quantity,ci1_0.updated_at from cart_items ci1_0 where ci1_0.cart_id=1
1744894299457|0|statement|connection 0|url jdbc:p6spy:mysql://localhost:53668/hhplus|insert into cart_items (cart_id,created_at,price,product_id,product_name,quantity,updated_at) values (?,?,?,?,?,?,?)|insert into cart_items (cart_id,created_at,price,product_id,product_name,quantity,updated_at) values (1,'2025-04-17T12:51:39.456+0000',50000,1001,'Test Product',2,'2025-04-17T12:51:39.456+0000')
1744894299460|2|commit|connection 0|url jdbc:p6spy:mysql://localhost:53668/hhplus||
1744894299500|1|statement|connection 0|url jdbc:p6spy:mysql://localhost:53668/hhplus|select c1_0.id,c1_0.created_at,c1_0.updated_at,c1_0.user_id from carts c1_0 where c1_0.user_id=?|select c1_0.id,c1_0.created_at,c1_0.updated_at,c1_0.user_id from carts c1_0 where c1_0.user_id=1
1744894299503|1|statement|connection 0|url jdbc:p6spy:mysql://localhost:53668/hhplus|select ci1_0.cart_id,ci1_0.id,ci1_0.created_at,ci1_0.price,ci1_0.product_id,ci1_0.product_name,ci1_0.quantity,ci1_0.updated_at from cart_items ci1_0 where ci1_0.cart_id=?|select ci1_0.cart_id,ci1_0.id,ci1_0.created_at,ci1_0.price,ci1_0.product_id,ci1_0.product_name,ci1_0.quantity,ci1_0.updated_at from cart_items ci1_0 where ci1_0.cart_id=1
1744894299504|0|commit|connection 0|url jdbc:p6spy:mysql://localhost:53668/hhplus||
1744894299535|1|statement|connection 0|url jdbc:p6spy:mysql://localhost:53668/hhplus|select c1_0.id,c1_0.created_at,c1_0.updated_at,c1_0.user_id from carts c1_0 where c1_0.user_id=?|select c1_0.id,c1_0.created_at,c1_0.updated_at,c1_0.user_id from carts c1_0 where c1_0.user_id=1
1744894299538|1|statement|connection 0|url jdbc:p6spy:mysql://localhost:53668/hhplus|select ci1_0.cart_id,ci1_0.id,ci1_0.created_at,ci1_0.price,ci1_0.product_id,ci1_0.product_name,ci1_0.quantity,ci1_0.updated_at from cart_items ci1_0 where ci1_0.cart_id=?|select ci1_0.cart_id,ci1_0.id,ci1_0.created_at,ci1_0.price,ci1_0.product_id,ci1_0.product_name,ci1_0.quantity,ci1_0.updated_at from cart_items ci1_0 where ci1_0.cart_id=1
1744894299541|1|statement|connection 0|url jdbc:p6spy:mysql://localhost:53668/hhplus|delete from cart_items where id=?|delete from cart_items where id=5
1744894299545|3|commit|connection 0|url jdbc:p6spy:mysql://localhost:53668/hhplus||
-----
1744894836993|5|statement|connection 0|url jdbc:p6spy:mysql://localhost:54221/hhplus|select count(*) from users u1_0|select count(*) from users u1_0
1744894837021|4|statement|connection 0|url jdbc:p6spy:mysql://localhost:54221/hhplus|insert into users (created_at,updated_at,username) values (?,?,?)|insert into users (created_at,updated_at,username) values ('2025-04-17T13:00:37.008+0000','2025-04-17T13:00:37.008+0000','defaultUser')
1744894837042|6|statement|connection 0|url jdbc:p6spy:mysql://localhost:54221/hhplus|insert into user_points (created_at,point_balance,updated_at,user_id) values (?,?,?,?)|insert into user_points (created_at,point_balance,updated_at,user_id) values ('2025-04-17T13:00:37.034+0000',100000,'2025-04-17T13:00:37.034+0000',1)
1744894837046|2|statement|connection 0|url jdbc:p6spy:mysql://localhost:54221/hhplus|select count(*) from products p1_0|select count(*) from products p1_0
1744894837055|2|statement|connection 0|url jdbc:p6spy:mysql://localhost:54221/hhplus|insert into categories (created_at,description,name,updated_at) values (?,?,?,?)|insert into categories (created_at,description,name,updated_at) values ('2025-04-17T13:00:37.047+0000',NULL,'일반','2025-04-17T13:00:37.047+0000')
1744894837058|1|statement|connection 0|url jdbc:p6spy:mysql://localhost:54221/hhplus|insert into items (base_price,category_id,created_at,description,name,sale_start_date,sale_status,updated_at) values (?,?,?,?,?,?,?,?)|insert into items (base_price,category_id,created_at,description,name,sale_start_date,sale_status,updated_at) values (100000,1,'2025-04-17T13:00:37.056+0000','AirForce Description','AirForce','2025-04-17T13:00:37.056+0000','ON_SALE','2025-04-17T13:00:37.056+0000')
1744894837062|2|statement|connection 0|url jdbc:p6spy:mysql://localhost:54221/hhplus|insert into options (additional_cost,created_at,name,updated_at) values (?,?,?,?)|insert into options (additional_cost,created_at,name,updated_at) values (1000,'2025-04-17T13:00:37.059+0000','White240','2025-04-17T13:00:37.059+0000')
1744894837064|1|statement|connection 0|url jdbc:p6spy:mysql://localhost:54221/hhplus|insert into products (created_at,item_id,option_id,updated_at) values (?,?,?,?)|insert into products (created_at,item_id,option_id,updated_at) values ('2025-04-17T13:00:37.063+0000',1,1,'2025-04-17T13:00:37.063+0000')
1744894837079|2|statement|connection 0|url jdbc:p6spy:mysql://localhost:54221/hhplus|select p1_0.id,p1_0.created_at,p1_0.item_id,p1_0.option_id,p1_0.updated_at from products p1_0|select p1_0.id,p1_0.created_at,p1_0.item_id,p1_0.option_id,p1_0.updated_at from products p1_0
1744894837098|4|statement|connection 0|url jdbc:p6spy:mysql://localhost:54221/hhplus|select i1_0.id,i1_0.created_at,i1_0.product_id,i1_0.quantity,i1_0.updated_at from inventories i1_0 where i1_0.product_id=?|select i1_0.id,i1_0.created_at,i1_0.product_id,i1_0.quantity,i1_0.updated_at from inventories i1_0 where i1_0.product_id=1
1744894837102|1|statement|connection 0|url jdbc:p6spy:mysql://localhost:54221/hhplus|insert into inventories (created_at,product_id,quantity,updated_at) values (?,?,?,?)|insert into inventories (created_at,product_id,quantity,updated_at) values ('2025-04-17T13:00:37.099+0000',1,10000,'2025-04-17T13:00:37.099+0000')
1744894837105|1|statement|connection 0|url jdbc:p6spy:mysql://localhost:54221/hhplus|select count(*) from orders o1_0|select count(*) from orders o1_0
1744894837113|1|statement|connection 0|url jdbc:p6spy:mysql://localhost:54221/hhplus|insert into orders (created_at,order_number,status,total_point,updated_at,user_id) values (?,?,?,?,?,?)|insert into orders (created_at,order_number,status,total_point,updated_at,user_id) values ('2025-04-17T13:00:37.110+0000','ORD-1744894837110','CREATED',200000,'2025-04-17T13:00:37.110+0000',1)
1744894837119|2|statement|connection 0|url jdbc:p6spy:mysql://localhost:54221/hhplus|insert into order_products (created_at,order_id,product_id,quantity,unit_point,updated_at) values (?,?,?,?,?,?)|insert into order_products (created_at,order_id,product_id,quantity,unit_point,updated_at) values ('2025-04-17T13:00:37.116+0000',1,1,2,100000,'2025-04-17T13:00:37.116+0000')
1744894837124|1|statement|connection 0|url jdbc:p6spy:mysql://localhost:54221/hhplus|select count(*) from carts c1_0|select count(*) from carts c1_0
1744894837127|1|statement|connection 0|url jdbc:p6spy:mysql://localhost:54221/hhplus|insert into carts (created_at,updated_at,user_id) values (?,?,?)|insert into carts (created_at,updated_at,user_id) values ('2025-04-17T13:00:37.125+0000','2025-04-17T13:00:37.125+0000',1)
1744894837129|1|statement|connection 0|url jdbc:p6spy:mysql://localhost:54221/hhplus|insert into cart_items (cart_id,created_at,price,product_id,product_name,quantity,updated_at) values (?,?,?,?,?,?,?)|insert into cart_items (cart_id,created_at,price,product_id,product_name,quantity,updated_at) values (1,'2025-04-17T13:00:37.127+0000',10000,1,'AirForce',3,'2025-04-17T13:00:37.127+0000')
1744894837135|3|commit|connection 0|url jdbc:p6spy:mysql://localhost:54221/hhplus||
1744894838442|2|statement|connection 0|url jdbc:p6spy:mysql://localhost:54221/hhplus|select u1_0.id,u1_0.created_at,u1_0.updated_at,up1_0.id,up1_0.created_at,up1_0.point_balance,up1_0.updated_at,up1_0.user_id,u1_0.username from users u1_0 left join user_points up1_0 on u1_0.id=up1_0.user_id where u1_0.id=?|select u1_0.id,u1_0.created_at,u1_0.updated_at,up1_0.id,up1_0.created_at,up1_0.point_balance,up1_0.updated_at,up1_0.user_id,u1_0.username from users u1_0 left join user_points up1_0 on u1_0.id=up1_0.user_id where u1_0.id=1
1744894838450|1|commit|connection 0|url jdbc:p6spy:mysql://localhost:54221/hhplus||
1744894838459|2|statement|connection 0|url jdbc:p6spy:mysql://localhost:54221/hhplus|select i1_0.id,i1_0.created_at,i1_0.product_id,i1_0.quantity,i1_0.updated_at from inventories i1_0 where i1_0.product_id=?|select i1_0.id,i1_0.created_at,i1_0.product_id,i1_0.quantity,i1_0.updated_at from inventories i1_0 where i1_0.product_id=1
1744894838461|0|commit|connection 0|url jdbc:p6spy:mysql://localhost:54221/hhplus||
1744894838465|1|statement|connection 0|url jdbc:p6spy:mysql://localhost:54221/hhplus|insert into orders (created_at,order_number,status,total_point,updated_at,user_id) values (?,?,?,?,?,?)|insert into orders (created_at,order_number,status,total_point,updated_at,user_id) values ('2025-04-17T13:00:38.463+0000','ORD-1744894838453','CREATED',1000,'2025-04-17T13:00:38.463+0000',1)
1744894838467|1|statement|connection 0|url jdbc:p6spy:mysql://localhost:54221/hhplus|insert into order_products (created_at,order_id,product_id,quantity,unit_point,updated_at) values (?,?,?,?,?,?)|insert into order_products (created_at,order_id,product_id,quantity,unit_point,updated_at) values ('2025-04-17T13:00:38.465+0000',2,1,2,500,'2025-04-17T13:00:38.465+0000')
1744894838472|4|commit|connection 0|url jdbc:p6spy:mysql://localhost:54221/hhplus||
1744894838477|1|statement|connection 0|url jdbc:p6spy:mysql://localhost:54221/hhplus|select i1_0.id,i1_0.created_at,i1_0.product_id,i1_0.quantity,i1_0.updated_at from inventories i1_0 where i1_0.product_id=?|select i1_0.id,i1_0.created_at,i1_0.product_id,i1_0.quantity,i1_0.updated_at from inventories i1_0 where i1_0.product_id=1
1744894838484|1|statement|connection 0|url jdbc:p6spy:mysql://localhost:54221/hhplus|update inventories set product_id=?,quantity=?,updated_at=? where id=?|update inventories set product_id=1,quantity=9998,updated_at='2025-04-17T13:00:38.479+0000' where id=1
1744894838488|2|commit|connection 0|url jdbc:p6spy:mysql://localhost:54221/hhplus||
1744894838550|2|statement|connection 0|url jdbc:p6spy:mysql://localhost:54221/hhplus|select o1_0.id,o1_0.created_at,o1_0.order_number,o1_0.status,o1_0.total_point,o1_0.updated_at,o1_0.user_id from orders o1_0 where o1_0.id=?|select o1_0.id,o1_0.created_at,o1_0.order_number,o1_0.status,o1_0.total_point,o1_0.updated_at,o1_0.user_id from orders o1_0 where o1_0.id=2
1744894838559|2|statement|connection 0|url jdbc:p6spy:mysql://localhost:54221/hhplus|select up1_0.id,up1_0.created_at,up1_0.point_balance,up1_0.updated_at,up1_0.user_id from user_points up1_0 where up1_0.user_id=?|select up1_0.id,up1_0.created_at,up1_0.point_balance,up1_0.updated_at,up1_0.user_id from user_points up1_0 where up1_0.user_id=1
1744894838562|1|statement|connection 0|url jdbc:p6spy:mysql://localhost:54221/hhplus|select u1_0.id,u1_0.created_at,u1_0.updated_at,up1_0.id,up1_0.created_at,up1_0.point_balance,up1_0.updated_at,up1_0.user_id,u1_0.username from users u1_0 left join user_points up1_0 on u1_0.id=up1_0.user_id where u1_0.id=?|select u1_0.id,u1_0.created_at,u1_0.updated_at,up1_0.id,up1_0.created_at,up1_0.point_balance,up1_0.updated_at,up1_0.user_id,u1_0.username from users u1_0 left join user_points up1_0 on u1_0.id=up1_0.user_id where u1_0.id=1
1744894838570|5|statement|connection 0|url jdbc:p6spy:mysql://localhost:54221/hhplus|insert into payments (created_at,order_id,payment_amount,updated_at) values (?,?,?,?)|insert into payments (created_at,order_id,payment_amount,updated_at) values ('2025-04-17T13:00:38.564+0000',2,1000.00,'2025-04-17T13:00:38.564+0000')
1744894838572|1|statement|connection 0|url jdbc:p6spy:mysql://localhost:54221/hhplus|update orders set order_number=?,status=?,total_point=?,updated_at=?,user_id=? where id=?|update orders set order_number='ORD-1744894838453',status='PAID',total_point=1000.00,updated_at='2025-04-17T13:00:38.570+0000',user_id=1 where id=2
1744894838574|1|statement|connection 0|url jdbc:p6spy:mysql://localhost:54221/hhplus|update user_points set point_balance=?,updated_at=?,user_id=? where id=?|update user_points set point_balance=99000.00,updated_at='2025-04-17T13:00:38.570+0000',user_id=1 where id=1
1744894838577|3|commit|connection 0|url jdbc:p6spy:mysql://localhost:54221/hhplus||
1744894838605|1|statement|connection 0|url jdbc:p6spy:mysql://localhost:54221/hhplus|select c1_0.id,c1_0.created_at,c1_0.updated_at,c1_0.user_id from carts c1_0 where c1_0.user_id=?|select c1_0.id,c1_0.created_at,c1_0.updated_at,c1_0.user_id from carts c1_0 where c1_0.user_id=1
1744894838609|1|statement|connection 0|url jdbc:p6spy:mysql://localhost:54221/hhplus|select ci1_0.cart_id,ci1_0.id,ci1_0.created_at,ci1_0.price,ci1_0.product_id,ci1_0.product_name,ci1_0.quantity,ci1_0.updated_at from cart_items ci1_0 where ci1_0.cart_id=?|select ci1_0.cart_id,ci1_0.id,ci1_0.created_at,ci1_0.price,ci1_0.product_id,ci1_0.product_name,ci1_0.quantity,ci1_0.updated_at from cart_items ci1_0 where ci1_0.cart_id=1
1744894838614|1|statement|connection 0|url jdbc:p6spy:mysql://localhost:54221/hhplus|insert into cart_items (cart_id,created_at,price,product_id,product_name,quantity,updated_at) values (?,?,?,?,?,?,?)|insert into cart_items (cart_id,created_at,price,product_id,product_name,quantity,updated_at) values (1,'2025-04-17T13:00:38.612+0000',750000,1002,'Product 2',3,'2025-04-17T13:00:38.612+0000')
1744894838619|3|commit|connection 0|url jdbc:p6spy:mysql://localhost:54221/hhplus||
1744894838636|2|statement|connection 0|url jdbc:p6spy:mysql://localhost:54221/hhplus|select c1_0.id,c1_0.created_at,c1_0.updated_at,c1_0.user_id from carts c1_0 where c1_0.user_id=?|select c1_0.id,c1_0.created_at,c1_0.updated_at,c1_0.user_id from carts c1_0 where c1_0.user_id=1
1744894838639|1|statement|connection 0|url jdbc:p6spy:mysql://localhost:54221/hhplus|select ci1_0.cart_id,ci1_0.id,ci1_0.created_at,ci1_0.price,ci1_0.product_id,ci1_0.product_name,ci1_0.quantity,ci1_0.updated_at from cart_items ci1_0 where ci1_0.cart_id=?|select ci1_0.cart_id,ci1_0.id,ci1_0.created_at,ci1_0.price,ci1_0.product_id,ci1_0.product_name,ci1_0.quantity,ci1_0.updated_at from cart_items ci1_0 where ci1_0.cart_id=1
1744894838643|1|statement|connection 0|url jdbc:p6spy:mysql://localhost:54221/hhplus|insert into cart_items (cart_id,created_at,price,product_id,product_name,quantity,updated_at) values (?,?,?,?,?,?,?)|insert into cart_items (cart_id,created_at,price,product_id,product_name,quantity,updated_at) values (1,'2025-04-17T13:00:38.641+0000',200000,1003,'Product 3',1,'2025-04-17T13:00:38.641+0000')
1744894838646|2|commit|connection 0|url jdbc:p6spy:mysql://localhost:54221/hhplus||
1744894838657|1|statement|connection 0|url jdbc:p6spy:mysql://localhost:54221/hhplus|select c1_0.id,c1_0.created_at,c1_0.updated_at,c1_0.user_id from carts c1_0 where c1_0.user_id=?|select c1_0.id,c1_0.created_at,c1_0.updated_at,c1_0.user_id from carts c1_0 where c1_0.user_id=1
1744894838660|0|statement|connection 0|url jdbc:p6spy:mysql://localhost:54221/hhplus|select ci1_0.cart_id,ci1_0.id,ci1_0.created_at,ci1_0.price,ci1_0.product_id,ci1_0.product_name,ci1_0.quantity,ci1_0.updated_at from cart_items ci1_0 where ci1_0.cart_id=?|select ci1_0.cart_id,ci1_0.id,ci1_0.created_at,ci1_0.price,ci1_0.product_id,ci1_0.product_name,ci1_0.quantity,ci1_0.updated_at from cart_items ci1_0 where ci1_0.cart_id=1
1744894838666|2|statement|connection 0|url jdbc:p6spy:mysql://localhost:54221/hhplus|delete from cart_items where id=?|delete from cart_items where id=1
1744894838669|2|statement|connection 0|url jdbc:p6spy:mysql://localhost:54221/hhplus|delete from cart_items where id=?|delete from cart_items where id=2
1744894838671|1|statement|connection 0|url jdbc:p6spy:mysql://localhost:54221/hhplus|delete from cart_items where id=?|delete from cart_items where id=3
1744894838673|1|commit|connection 0|url jdbc:p6spy:mysql://localhost:54221/hhplus||
1744894838718|1|statement|connection 0|url jdbc:p6spy:mysql://localhost:54221/hhplus|select c1_0.id,c1_0.created_at,c1_0.updated_at,c1_0.user_id from carts c1_0 where c1_0.user_id=?|select c1_0.id,c1_0.created_at,c1_0.updated_at,c1_0.user_id from carts c1_0 where c1_0.user_id=1
1744894838721|1|statement|connection 0|url jdbc:p6spy:mysql://localhost:54221/hhplus|select ci1_0.cart_id,ci1_0.id,ci1_0.created_at,ci1_0.price,ci1_0.product_id,ci1_0.product_name,ci1_0.quantity,ci1_0.updated_at from cart_items ci1_0 where ci1_0.cart_id=?|select ci1_0.cart_id,ci1_0.id,ci1_0.created_at,ci1_0.price,ci1_0.product_id,ci1_0.product_name,ci1_0.quantity,ci1_0.updated_at from cart_items ci1_0 where ci1_0.cart_id=1
1744894838722|0|commit|connection 0|url jdbc:p6spy:mysql://localhost:54221/hhplus||
1744894838744|1|statement|connection 0|url jdbc:p6spy:mysql://localhost:54221/hhplus|select c1_0.id,c1_0.created_at,c1_0.updated_at,c1_0.user_id from carts c1_0 where c1_0.user_id=?|select c1_0.id,c1_0.created_at,c1_0.updated_at,c1_0.user_id from carts c1_0 where c1_0.user_id=1
1744894838748|2|statement|connection 0|url jdbc:p6spy:mysql://localhost:54221/hhplus|select ci1_0.cart_id,ci1_0.id,ci1_0.created_at,ci1_0.price,ci1_0.product_id,ci1_0.product_name,ci1_0.quantity,ci1_0.updated_at from cart_items ci1_0 where ci1_0.cart_id=?|select ci1_0.cart_id,ci1_0.id,ci1_0.created_at,ci1_0.price,ci1_0.product_id,ci1_0.product_name,ci1_0.quantity,ci1_0.updated_at from cart_items ci1_0 where ci1_0.cart_id=1
1744894838752|2|statement|connection 0|url jdbc:p6spy:mysql://localhost:54221/hhplus|insert into cart_items (cart_id,created_at,price,product_id,product_name,quantity,updated_at) values (?,?,?,?,?,?,?)|insert into cart_items (cart_id,created_at,price,product_id,product_name,quantity,updated_at) values (1,'2025-04-17T13:00:38.749+0000',50000,1,'Test Product',2,'2025-04-17T13:00:38.749+0000')
1744894838755|2|commit|connection 0|url jdbc:p6spy:mysql://localhost:54221/hhplus||
1744894838777|1|statement|connection 0|url jdbc:p6spy:mysql://localhost:54221/hhplus|select c1_0.id,c1_0.created_at,c1_0.updated_at,c1_0.user_id from carts c1_0 where c1_0.user_id=?|select c1_0.id,c1_0.created_at,c1_0.updated_at,c1_0.user_id from carts c1_0 where c1_0.user_id=1
1744894838779|1|statement|connection 0|url jdbc:p6spy:mysql://localhost:54221/hhplus|select ci1_0.cart_id,ci1_0.id,ci1_0.created_at,ci1_0.price,ci1_0.product_id,ci1_0.product_name,ci1_0.quantity,ci1_0.updated_at from cart_items ci1_0 where ci1_0.cart_id=?|select ci1_0.cart_id,ci1_0.id,ci1_0.created_at,ci1_0.price,ci1_0.product_id,ci1_0.product_name,ci1_0.quantity,ci1_0.updated_at from cart_items ci1_0 where ci1_0.cart_id=1
1744894838784|2|statement|connection 0|url jdbc:p6spy:mysql://localhost:54221/hhplus|update cart_items set cart_id=?,price=?,product_id=?,product_name=?,quantity=?,updated_at=? where id=?|update cart_items set cart_id=1,price=50000.00,product_id=1,product_name='Test Product',quantity=5,updated_at='2025-04-17T13:00:38.780+0000' where id=4
1744894838787|3|commit|connection 0|url jdbc:p6spy:mysql://localhost:54221/hhplus||
1744894838847|1|statement|connection 0|url jdbc:p6spy:mysql://localhost:54221/hhplus|select up1_0.id,up1_0.created_at,up1_0.point_balance,up1_0.updated_at,up1_0.user_id,u1_0.id,u1_0.created_at,u1_0.updated_at,u1_0.username from user_points up1_0 join users u1_0 on u1_0.id=up1_0.user_id where up1_0.id=?|select up1_0.id,up1_0.created_at,up1_0.point_balance,up1_0.updated_at,up1_0.user_id,u1_0.id,u1_0.created_at,u1_0.updated_at,u1_0.username from user_points up1_0 join users u1_0 on u1_0.id=up1_0.user_id where up1_0.id=1
1744894838850|1|commit|connection 0|url jdbc:p6spy:mysql://localhost:54221/hhplus||
1744894838878|1|statement|connection 0|url jdbc:p6spy:mysql://localhost:54221/hhplus|select u1_0.id,u1_0.created_at,u1_0.updated_at,up1_0.id,up1_0.created_at,up1_0.point_balance,up1_0.updated_at,up1_0.user_id,u1_0.username from users u1_0 left join user_points up1_0 on u1_0.id=up1_0.user_id where u1_0.id=?|select u1_0.id,u1_0.created_at,u1_0.updated_at,up1_0.id,up1_0.created_at,up1_0.point_balance,up1_0.updated_at,up1_0.user_id,u1_0.username from users u1_0 left join user_points up1_0 on u1_0.id=up1_0.user_id where u1_0.id=1
1744894838879|0|commit|connection 0|url jdbc:p6spy:mysql://localhost:54221/hhplus||
1744894838884|1|statement|connection 0|url jdbc:p6spy:mysql://localhost:54221/hhplus|select i1_0.id,i1_0.created_at,i1_0.product_id,i1_0.quantity,i1_0.updated_at from inventories i1_0 where i1_0.product_id=?|select i1_0.id,i1_0.created_at,i1_0.product_id,i1_0.quantity,i1_0.updated_at from inventories i1_0 where i1_0.product_id=1
1744894838886|0|commit|connection 0|url jdbc:p6spy:mysql://localhost:54221/hhplus||
1744894838890|1|statement|connection 0|url jdbc:p6spy:mysql://localhost:54221/hhplus|insert into orders (created_at,order_number,status,total_point,updated_at,user_id) values (?,?,?,?,?,?)|insert into orders (created_at,order_number,status,total_point,updated_at,user_id) values ('2025-04-17T13:00:38.888+0000','ORD-1744894838880','CREATED',1000,'2025-04-17T13:00:38.888+0000',1)
1744894838892|1|statement|connection 0|url jdbc:p6spy:mysql://localhost:54221/hhplus|insert into order_products (created_at,order_id,product_id,quantity,unit_point,updated_at) values (?,?,?,?,?,?)|insert into order_products (created_at,order_id,product_id,quantity,unit_point,updated_at) values ('2025-04-17T13:00:38.890+0000',3,1,2,500,'2025-04-17T13:00:38.890+0000')
1744894838897|4|commit|connection 0|url jdbc:p6spy:mysql://localhost:54221/hhplus||
1744894838900|1|statement|connection 0|url jdbc:p6spy:mysql://localhost:54221/hhplus|select i1_0.id,i1_0.created_at,i1_0.product_id,i1_0.quantity,i1_0.updated_at from inventories i1_0 where i1_0.product_id=?|select i1_0.id,i1_0.created_at,i1_0.product_id,i1_0.quantity,i1_0.updated_at from inventories i1_0 where i1_0.product_id=1
1744894838903|1|statement|connection 0|url jdbc:p6spy:mysql://localhost:54221/hhplus|update inventories set product_id=?,quantity=?,updated_at=? where id=?|update inventories set product_id=1,quantity=9996,updated_at='2025-04-17T13:00:38.901+0000' where id=1
1744894838906|2|commit|connection 0|url jdbc:p6spy:mysql://localhost:54221/hhplus||
1744894838939|1|statement|connection 0|url jdbc:p6spy:mysql://localhost:54221/hhplus|select o1_0.id,o1_0.created_at,o1_0.order_number,o1_0.status,o1_0.total_point,o1_0.updated_at,o1_0.user_id from orders o1_0 where o1_0.id=?|select o1_0.id,o1_0.created_at,o1_0.order_number,o1_0.status,o1_0.total_point,o1_0.updated_at,o1_0.user_id from orders o1_0 where o1_0.id=3
1744894838941|1|statement|connection 0|url jdbc:p6spy:mysql://localhost:54221/hhplus|select op1_0.order_id,op1_0.id,op1_0.created_at,op1_0.product_id,op1_0.quantity,op1_0.unit_point,op1_0.updated_at from order_products op1_0 where op1_0.order_id=?|select op1_0.order_id,op1_0.id,op1_0.created_at,op1_0.product_id,op1_0.quantity,op1_0.unit_point,op1_0.updated_at from order_products op1_0 where op1_0.order_id=3
1744894838943|1|commit|connection 0|url jdbc:p6spy:mysql://localhost:54221/hhplus||
1744894839000|1|statement|connection 0|url jdbc:p6spy:mysql://localhost:54221/hhplus|select p1_0.id,p1_0.created_at,p1_0.item_id,p1_0.option_id,p1_0.updated_at from products p1_0|select p1_0.id,p1_0.created_at,p1_0.item_id,p1_0.option_id,p1_0.updated_at from products p1_0
1744894839003|1|statement|connection 0|url jdbc:p6spy:mysql://localhost:54221/hhplus|select i1_0.id,i1_0.base_price,i1_0.category_id,i1_0.created_at,i1_0.description,i1_0.name,i1_0.sale_start_date,i1_0.sale_status,i1_0.updated_at from items i1_0 where i1_0.id=?|select i1_0.id,i1_0.base_price,i1_0.category_id,i1_0.created_at,i1_0.description,i1_0.name,i1_0.sale_start_date,i1_0.sale_status,i1_0.updated_at from items i1_0 where i1_0.id=1
1744894839005|1|statement|connection 0|url jdbc:p6spy:mysql://localhost:54221/hhplus|select o1_0.id,o1_0.additional_cost,o1_0.created_at,o1_0.name,o1_0.updated_at from options o1_0 where o1_0.id=?|select o1_0.id,o1_0.additional_cost,o1_0.created_at,o1_0.name,o1_0.updated_at from options o1_0 where o1_0.id=1
1744894839006|1|commit|connection 0|url jdbc:p6spy:mysql://localhost:54221/hhplus||
1744894839042|2|statement|connection 0|url jdbc:p6spy:mysql://localhost:54221/hhplus|select u1_0.id,u1_0.created_at,u1_0.updated_at,up1_0.id,up1_0.created_at,up1_0.point_balance,up1_0.updated_at,up1_0.user_id,u1_0.username from users u1_0 left join user_points up1_0 on u1_0.id=up1_0.user_id where u1_0.id=?|select u1_0.id,u1_0.created_at,u1_0.updated_at,up1_0.id,up1_0.created_at,up1_0.point_balance,up1_0.updated_at,up1_0.user_id,u1_0.username from users u1_0 left join user_points up1_0 on u1_0.id=up1_0.user_id where u1_0.id=1
1744894839043|0|commit|connection 0|url jdbc:p6spy:mysql://localhost:54221/hhplus||
1744894839046|0|commit|connection 0|url jdbc:p6spy:mysql://localhost:54221/hhplus||
1744894839052|1|statement|connection 0|url jdbc:p6spy:mysql://localhost:54221/hhplus|update user_points set point_balance=?,updated_at=?,user_id=? where id=?|update user_points set point_balance=100500.00,updated_at='2025-04-17T13:00:39.050+0000',user_id=1 where id=1
1744894839055|2|commit|connection 0|url jdbc:p6spy:mysql://localhost:54221/hhplus||
1744894839060|2|statement|connection 0|url jdbc:p6spy:mysql://localhost:54221/hhplus|insert into point_histories (amount,created_at,type,updated_at,user_id) values (?,?,?,?,?)|insert into point_histories (amount,created_at,type,updated_at,user_id) values (1500,'2025-04-17T13:00:39.057+0000','CHARGE','2025-04-17T13:00:39.057+0000',1)
1744894839062|1|commit|connection 0|url jdbc:p6spy:mysql://localhost:54221/hhplus||
1744894839088|1|statement|connection 0|url jdbc:p6spy:mysql://localhost:54221/hhplus|select u1_0.id,u1_0.created_at,u1_0.updated_at,up1_0.id,up1_0.created_at,up1_0.point_balance,up1_0.updated_at,up1_0.user_id,u1_0.username from users u1_0 left join user_points up1_0 on u1_0.id=up1_0.user_id where u1_0.id=?|select u1_0.id,u1_0.created_at,u1_0.updated_at,up1_0.id,up1_0.created_at,up1_0.point_balance,up1_0.updated_at,up1_0.user_id,u1_0.username from users u1_0 left join user_points up1_0 on u1_0.id=up1_0.user_id where u1_0.id=1
1744894839089|0|commit|connection 0|url jdbc:p6spy:mysql://localhost:54221/hhplus||
1744894839094|1|statement|connection 0|url jdbc:p6spy:mysql://localhost:54221/hhplus|select i1_0.id,i1_0.created_at,i1_0.product_id,i1_0.quantity,i1_0.updated_at from inventories i1_0 where i1_0.product_id=?|select i1_0.id,i1_0.created_at,i1_0.product_id,i1_0.quantity,i1_0.updated_at from inventories i1_0 where i1_0.product_id=1
1744894839095|0|commit|connection 0|url jdbc:p6spy:mysql://localhost:54221/hhplus||
1744894839098|1|statement|connection 0|url jdbc:p6spy:mysql://localhost:54221/hhplus|insert into orders (created_at,order_number,status,total_point,updated_at,user_id) values (?,?,?,?,?,?)|insert into orders (created_at,order_number,status,total_point,updated_at,user_id) values ('2025-04-17T13:00:39.096+0000','ORD-1744894839091','CREATED',3000,'2025-04-17T13:00:39.096+0000',1)
1744894839100|1|statement|connection 0|url jdbc:p6spy:mysql://localhost:54221/hhplus|insert into order_products (created_at,order_id,product_id,quantity,unit_point,updated_at) values (?,?,?,?,?,?)|insert into order_products (created_at,order_id,product_id,quantity,unit_point,updated_at) values ('2025-04-17T13:00:39.098+0000',4,1,2,1500,'2025-04-17T13:00:39.098+0000')
1744894839103|3|commit|connection 0|url jdbc:p6spy:mysql://localhost:54221/hhplus||
1744894839107|1|statement|connection 0|url jdbc:p6spy:mysql://localhost:54221/hhplus|select i1_0.id,i1_0.created_at,i1_0.product_id,i1_0.quantity,i1_0.updated_at from inventories i1_0 where i1_0.product_id=?|select i1_0.id,i1_0.created_at,i1_0.product_id,i1_0.quantity,i1_0.updated_at from inventories i1_0 where i1_0.product_id=1
1744894839109|1|statement|connection 0|url jdbc:p6spy:mysql://localhost:54221/hhplus|update inventories set product_id=?,quantity=?,updated_at=? where id=?|update inventories set product_id=1,quantity=9994,updated_at='2025-04-17T13:00:39.108+0000' where id=1
1744894839112|2|commit|connection 0|url jdbc:p6spy:mysql://localhost:54221/hhplus||
1744894839143|2|statement|connection 0|url jdbc:p6spy:mysql://localhost:54221/hhplus|select c1_0.id,c1_0.created_at,c1_0.updated_at,c1_0.user_id from carts c1_0 where c1_0.user_id=?|select c1_0.id,c1_0.created_at,c1_0.updated_at,c1_0.user_id from carts c1_0 where c1_0.user_id=1
1744894839149|4|statement|connection 0|url jdbc:p6spy:mysql://localhost:54221/hhplus|select ci1_0.cart_id,ci1_0.id,ci1_0.created_at,ci1_0.price,ci1_0.product_id,ci1_0.product_name,ci1_0.quantity,ci1_0.updated_at from cart_items ci1_0 where ci1_0.cart_id=?|select ci1_0.cart_id,ci1_0.id,ci1_0.created_at,ci1_0.price,ci1_0.product_id,ci1_0.product_name,ci1_0.quantity,ci1_0.updated_at from cart_items ci1_0 where ci1_0.cart_id=1
1744894839156|3|statement|connection 0|url jdbc:p6spy:mysql://localhost:54221/hhplus|delete from cart_items where id=?|delete from cart_items where id=4
1744894839161|4|commit|connection 0|url jdbc:p6spy:mysql://localhost:54221/hhplus||
1744894839208|3|statement|connection 0|url jdbc:p6spy:mysql://localhost:54221/hhplus|select c1_0.id,c1_0.created_at,c1_0.updated_at,c1_0.user_id from carts c1_0 where c1_0.user_id=?|select c1_0.id,c1_0.created_at,c1_0.updated_at,c1_0.user_id from carts c1_0 where c1_0.user_id=1
1744894839213|2|statement|connection 0|url jdbc:p6spy:mysql://localhost:54221/hhplus|select ci1_0.cart_id,ci1_0.id,ci1_0.created_at,ci1_0.price,ci1_0.product_id,ci1_0.product_name,ci1_0.quantity,ci1_0.updated_at from cart_items ci1_0 where ci1_0.cart_id=?|select ci1_0.cart_id,ci1_0.id,ci1_0.created_at,ci1_0.price,ci1_0.product_id,ci1_0.product_name,ci1_0.quantity,ci1_0.updated_at from cart_items ci1_0 where ci1_0.cart_id=1
1744894839219|4|statement|connection 0|url jdbc:p6spy:mysql://localhost:54221/hhplus|insert into cart_items (cart_id,created_at,price,product_id,product_name,quantity,updated_at) values (?,?,?,?,?,?,?)|insert into cart_items (cart_id,created_at,price,product_id,product_name,quantity,updated_at) values (1,'2025-04-17T13:00:39.214+0000',50000,1001,'Test Product',2,'2025-04-17T13:00:39.214+0000')
1744894839224|3|commit|connection 0|url jdbc:p6spy:mysql://localhost:54221/hhplus||
1744894839327|2|statement|connection 0|url jdbc:p6spy:mysql://localhost:54221/hhplus|select c1_0.id,c1_0.created_at,c1_0.updated_at,c1_0.user_id from carts c1_0 where c1_0.user_id=?|select c1_0.id,c1_0.created_at,c1_0.updated_at,c1_0.user_id from carts c1_0 where c1_0.user_id=1
1744894839330|1|statement|connection 0|url jdbc:p6spy:mysql://localhost:54221/hhplus|select ci1_0.cart_id,ci1_0.id,ci1_0.created_at,ci1_0.price,ci1_0.product_id,ci1_0.product_name,ci1_0.quantity,ci1_0.updated_at from cart_items ci1_0 where ci1_0.cart_id=?|select ci1_0.cart_id,ci1_0.id,ci1_0.created_at,ci1_0.price,ci1_0.product_id,ci1_0.product_name,ci1_0.quantity,ci1_0.updated_at from cart_items ci1_0 where ci1_0.cart_id=1
1744894839334|1|commit|connection 0|url jdbc:p6spy:mysql://localhost:54221/hhplus||
1744894839379|1|statement|connection 0|url jdbc:p6spy:mysql://localhost:54221/hhplus|select c1_0.id,c1_0.created_at,c1_0.updated_at,c1_0.user_id from carts c1_0 where c1_0.user_id=?|select c1_0.id,c1_0.created_at,c1_0.updated_at,c1_0.user_id from carts c1_0 where c1_0.user_id=1
1744894839384|2|statement|connection 0|url jdbc:p6spy:mysql://localhost:54221/hhplus|select ci1_0.cart_id,ci1_0.id,ci1_0.created_at,ci1_0.price,ci1_0.product_id,ci1_0.product_name,ci1_0.quantity,ci1_0.updated_at from cart_items ci1_0 where ci1_0.cart_id=?|select ci1_0.cart_id,ci1_0.id,ci1_0.created_at,ci1_0.price,ci1_0.product_id,ci1_0.product_name,ci1_0.quantity,ci1_0.updated_at from cart_items ci1_0 where ci1_0.cart_id=1
1744894839387|1|statement|connection 0|url jdbc:p6spy:mysql://localhost:54221/hhplus|delete from cart_items where id=?|delete from cart_items where id=5
1744894839390|2|commit|connection 0|url jdbc:p6spy:mysql://localhost:54221/hhplus||
